=======MENU=========
1 - Sort
2 - The Longest Path
3 - The Next Bigger Number
4 - Unlock the Lock
5 - The Sultan's Successors
7 - EXIT
====================
Enter Your choice:
2 -1 2 

=======MENU=========
1 - Sort
2 - The Longest Path
3 - The Next Bigger Number
4 - Unlock the Lock
5 - The Sultan's Successors
7 - EXIT
====================
Enter Your choice:
3 -1 3 3 

=======MENU=========
1 - Sort
2 - The Longest Path
3 - The Next Bigger Number
4 - Unlock the Lock
5 - The Sultan's Successors
7 - EXIT
====================
Enter Your choice:
2 3 -1 2 

=======MENU=========
1 - Sort
2 - The Longest Path
3 - The Next Bigger Number
4 - Unlock the Lock
5 - The Sultan's Successors
7 - EXIT
====================
Enter Your choice:

